<?xml version="1.0" encoding="UTF-8"?>
<!-- Generated by org.testng.reporters.JUnitXMLReporter -->
<testsuite hostname="Young-PC" name="Default test(failed)" tests="1" failures="0" timestamp="31 May 2015 13:56:43 GMT" time="2.819" errors="0">
  <testcase name="@AfterMethod stop" time="0.0" classname="com.dbyl.tests.loginTest">
    <failure type="java.lang.NullPointerException">
      <![CDATA[java.lang.NullPointerException
	at com.dbyl.libarary.utils.UITest.stop(UITest.java:17)
	at com.dbyl.tests.loginTest.stop(loginTest.java:28)
... Removed 26 stack frames]]>
    </failure>
  </testcase> <!-- @AfterMethod stop -->
  <testcase name="loginByUerName" time="0.546" classname="com.dbyl.tests.loginTest"/>
</testsuite> <!-- Default test(failed) -->
