<?xml version="1.0" encoding="UTF-8"?>
<!-- Generated by org.testng.reporters.JUnitXMLReporter -->
<testsuite hostname="Young-PC" name="Test" tests="5" failures="2" timestamp="3 Jun 2015 14:10:15 GMT" time="256.742" errors="0">
  <testcase name="aFastTest" time="0.014" classname="com.dbyl.tests.Case1"/>
  <testcase name="aSlowTest" time="0.0" classname="com.dbyl.tests.Case1"/>
  <testcase name="testJD" time="151.304" classname="com.dbyl.tests.JDaddress">
    <failure type="java.lang.AssertionError" message="can&amp;apos;t fond key words expected [true] but found [false]">
      <![CDATA[java.lang.AssertionError: can't fond key words expected [true] but found [false]
	at com.dbyl.tests.JDaddress.testJD(JDaddress.java:50)
	at java.util.concurrent.ThreadPoolExecutor.runWorker(ThreadPoolExecutor.java:1110)
	at java.util.concurrent.ThreadPoolExecutor$Worker.run(ThreadPoolExecutor.java:603)
	at java.lang.Thread.run(Thread.java:722)
... Removed 13 stack frames]]>
    </failure>
  </testcase> <!-- testJD -->
  <testcase name="mapTest" time="23.424" classname="com.dbyl.tests.MapTest">
    <failure type="org.sikuli.script.FindFailed" message="can not find P(D:\MyBlog\CJ.png) S: 0.7 on the screen.">
      <![CDATA[FindFailed: can not find P(D:\MyBlog\CJ.png) S: 0.7 on the screen.
  Line 1574, in file Region.java

	at org.sikuli.script.Region.handleFindFailed(Region.java:1574)
	at org.sikuli.script.Region.wait(Region.java:1682)
	at org.sikuli.script.Region.find(Region.java:1590)
	at com.dbyl.tests.MapTest.mapTest(MapTest.java:58)
	at java.util.concurrent.ThreadPoolExecutor.runWorker(ThreadPoolExecutor.java:1110)
	at java.util.concurrent.ThreadPoolExecutor$Worker.run(ThreadPoolExecutor.java:603)
	at java.lang.Thread.run(Thread.java:722)
... Removed 10 stack frames]]>
    </failure>
  </testcase> <!-- mapTest -->
  <testcase name="useCookies" time="249.989" classname="com.dbyl.tests.UseCookieLogin"/>
</testsuite> <!-- Test -->
